<?xml version="1.0" encoding="UTF-8"?>
<!-- Generated by org.testng.reporters.JUnitXMLReporter -->
<testsuite hostname="DESKTOP-JTUNDND" ignored="3" name="Command line test" tests="1" failures="0" timestamp="19 ago 2017 00:57:02 GMT" time="19.361" errors="0">
  <testcase name="verifyGoogleSearch" time="19.323" classname="mx.com.acg.poc.selenium.basic.test.simple.TestBasicPhantomJS"/>
  <testcase name="verifyGoogleSearch" time="0.0" classname="mx.com.acg.poc.selenium.basic.test.complex.TestGoogleSearch">
    <ignored/>
  </testcase> <!-- verifyGoogleSearch -->
  <testcase name="verifyGoogleSearch" time="0.0" classname="mx.com.acg.poc.selenium.basic.test.simple.TestBasicFireFox">
    <ignored/>
  </testcase> <!-- verifyGoogleSearch -->
  <testcase name="@AfterSuite afterSuit" time="0.0" classname="mx.com.acg.poc.selenium.basic.test.complex.common.GenericTest">
    <ignored/>
  </testcase> <!-- @AfterSuite afterSuit -->
</testsuite> <!-- Command line test -->
